2024-01-12T09:30:47Z Build bug - GL Inet AR750 build does not build GPIO --> https://github.com/openwrt/openwrt/issues/14392 (kot-begemot-uk)
2024-01-10T14:41:35Z Download binaries like sharp --> https://github.com/kelektiv/node.bcrypt.js/issues/1022 (root-io)
2024-01-10T12:41:53Z Package for Debian 12 --> https://github.com/lthms/spatial-shell/issues/12 (spwhitton)
2024-01-10T03:49:00Z [BUG] - Redux Store Resets on Every Route Change --> https://github.com/nextui-org/nextui/issues/2222 (tayloraucoin)
2024-01-09T07:40:03Z Provide more pre-built binaries --> https://github.com/Byron/gitoxide/issues/1242 (NobodyXu)
2024-01-09T05:37:39Z fix binary/os matching logic, prioritize musl (linux/win) --> https://github.com/orbiter-rs/orbiter/issues/18 (zfwf)
2024-01-08T15:21:33Z Flake input `git+file:./${submodule}` no longer works --> https://github.com/NixOS/nix/issues/9708 (bryango)
2024-01-07T16:37:03Z How to check my router's CPU architecture? --> https://github.com/TalalMash/Unofficial-Speedify-Installer-For-OpenWrt/issues/2 (onnimonni)
2024-01-07T13:35:21Z npm_config_target_arch=arm64 install x64 on a x64 server --> https://github.com/TryGhost/node-sqlite3/issues/1747 (Zoey2936)
2024-01-07T00:49:45Z ldconfig-free deployment --> https://github.com/NVIDIA/libnvidia-container/issues/234 (SomeoneSerge)
2024-01-04T15:26:51Z Docker image: Alpine or Debian --> https://github.com/thumbsup/thumbsup/issues/358 (rprieto)
2024-01-03T22:03:45Z Error Building libjimtcl on Windows --> https://github.com/KallistiOS/kos-ports/issues/42 (gyrovorbis)
2024-01-03T16:49:29Z [Bug]: Preview of MP4 Videos failing to generate with ffmpeg/avconf --> https://github.com/pulsejet/memories/issues/984 (br4yd)
2024-01-03T11:47:45Z Provide a ready-made ISO for download --> https://github.com/maestro-os/maestro/issues/2 (Hermholtz)
2024-01-03T09:29:14Z Can't compile with statically linked binary (error: linking with `cc` failed: exit status: 1) --> https://github.com/rust-lang/rust/issues/119541 (grey4owl)
2024-01-03T02:54:35Z Get rid of libstdc++ dependency --> https://github.com/async-profiler/async-profiler/issues/872 (apangin)
2024-01-03T00:51:29Z strange C++ unwind behavior on ppc64le with LTO program and -ftrivial-auto-var-init=zero libunwind --> https://github.com/llvm/llvm-project/issues/76771 (q66)
2024-01-03T00:15:29Z Distributed release files can only compile for musl --> https://github.com/rust-fuzz/cargo-fuzz/issues/355 (addisoncrump)
2024-01-03T00:00:13Z x86_64-linux-musl build continually segfaults --> https://github.com/JuliaLang/julia/issues/52707 (staticfloat)
2024-01-02T19:02:20Z benchmark: compilation flags for flamegraph --> https://github.com/phac-nml/rebar/issues/30 (ktmeaton)
2024-01-02T12:48:55Z ghcup binary built on i386/alpine-3.16 with GHC-9.4.8 segfaults (statically linked) --> https://github.com/haskell/ghcup-hs/issues/962 (hasufell)
2024-01-02T07:05:49Z Query for block reports "Cannot return null for non-nullable field Token.asset"  --> https://github.com/cardano-foundation/cardano-graphql/issues/854 (zhy827827)
2024-01-01T18:22:58Z Installing a Rust release --> https://github.com/fish-shell/fish-shell/issues/10181 (zanchey)
2023-12-31T17:21:06Z NX missing platform dependency  --> https://github.com/nrwl/nx/issues/20962 (Zachti)
2023-12-31T09:17:47Z TMC plugin not working in NixOS --> https://github.com/rage/tmc-vscode/issues/705 (JeztC)
2023-12-31T03:04:42Z H69k-max，rm520n-gl 5g网卡版本速度有限制 --> https://github.com/istoreos/istoreos/issues/1217 (petermaple)
2023-12-30T14:30:27Z Add Dockerfile --> https://github.com/cooklang/cookcli/issues/90 (leonbeon)
2023-12-29T03:49:45Z webman 启动时报错：Segmentation fault ，请问除了gdb，还有什么调试方案么？ --> https://github.com/walkor/webman/issues/394 (yangfan-onion)
2023-12-28T13:42:26Z Add support for Busybox --> https://github.com/void-linux/void-runit/issues/112 (xplshn)
2023-12-28T05:52:19Z Bootstrap go from source --> https://github.com/NixOS/nixpkgs/issues/277244 (linsui)
2023-12-28T04:29:48Z note: optimized static rust binaries --> https://github.com/thetredev/advent-of-code-2023/issues/2 (thetredev)
2023-12-27T21:20:58Z Error: Cannot find module 'glob-hasher-linux-x64-musl' --> https://github.com/kenotron/glob-hasher/issues/1 (tmrudick)
2023-12-26T05:11:40Z Taro 3.6.21在node:18-alpine/20-alpine环境中build中过程报：Error: Cannot find module '@tarojs/binding-linux-x64-musl' --> https://github.com/NervJS/taro/issues/15033 (smoothdvd)
2023-12-24T15:35:44Z [JOYMAP/musl] build broken - stderr: short write --> https://github.com/MiyooCFW/buildroot/issues/68 (Apaczer)
2023-12-23T00:36:52Z Part of this script only works for systemd, add support for other init systems --> https://github.com/mistrmochov/magiskWaydroid/issues/1 (blacklightpy)
2023-12-21T18:34:03Z Feature request: FrankenPHP Support --> https://github.com/ddev/ddev/issues/5655 (takielias)
2023-12-21T13:52:46Z Pods stuck in Terminating state due to process not being killed --> https://github.com/google/gvisor/issues/9834 (markusthoemmes)
2023-12-21T05:47:39Z `ruff` is currently built from source in the nix flake, slowing down dev environment creation and requiring a moving rust version --> https://github.com/element-hq/synapse/issues/15939 (matrixbot)
2023-12-21T05:09:00Z Statically Linked version of PK CLI --> https://github.com/MatrixAI/Polykey-CLI/issues/84 (CMCDragonkai)
2023-12-21T04:34:11Z Gamemode 1.8.1 can't set CPU governor and GPU Optimisation --> https://github.com/FeralInteractive/gamemode/issues/452 (bg2908)
2023-12-21T01:11:19Z grafana-server segfaults because the stack used by Cgo is too small --> https://github.com/grafana/grafana/issues/79773 (dgwynne)
2023-12-20T21:27:32Z cargo-workspaces depends on shared OpenSSL library --> https://github.com/cargo-bins/cargo-quickinstall/issues/241 (Buckram123)
2023-12-19T07:36:26Z Next.js 13 Amplify - CustomerError: The size of the build output exceeds the max allowed size of 230686720 bytes --> https://github.com/aws-amplify/amplify-hosting/issues/3863 (jitendra-koodo)
2023-12-19T06:43:46Z Project status --> https://github.com/girlbossceo/hardened_malloc-rs/issues/1 (Sir-Photch)
2023-12-18T21:55:41Z cross compiling --> https://github.com/varnishcache/varnish-cache/issues/4031 (firmwarecostum)
2023-12-18T21:47:20Z Roadmap --> https://github.com/kassane/sokol-d/issues/3 (kassane)
2023-12-18T09:29:39Z rust demo static compile not effect --> https://github.com/meta-rust/meta-rust/issues/437 (xiaokunge)
2023-12-17T08:44:12Z BUG: Build-Configuration: Segfault when running dbclient, kilo, possibly other programs --> https://github.com/OS-1337/OS1337/issues/18 (sweetaibelle)
2023-12-17T02:46:14Z pthread undeclared function atomic_load --> https://github.com/emscripten-core/emscripten/issues/20932 (uvguy)
2023-12-15T15:10:21Z {pak} cannot resolve dependencies with public PM as single repo --> https://github.com/r-lib/pak/issues/574 (pat-s)
2023-12-15T09:43:37Z Remote SSH to Alpine Linux downloads incorrect binary, works otherwise --> https://github.com/VSCodeTriageBot/testissues/issues/36228 (VSCodeTriageBot)
2023-12-15T03:08:12Z iconv always silent, `-c` broken --> https://github.com/landley/toybox/issues/471 (enh-google)
2023-12-14T22:16:59Z No backtrace symbols on MacOS w/ Apple Silicon when cross-compiling to aarch64 Linux --> https://github.com/ziglang/zig/issues/18280 (ramosbugs)
2023-12-14T16:07:51Z Produce statically-linked release binaries --> https://github.com/praetorian-inc/noseyparker/issues/103 (bradlarsen)
2023-12-14T03:12:35Z Drop GNU's cpio for bsdcpio [provided by libarchive] --> https://github.com/dslm4515/CMLFS/issues/97 (dslm4515)
2023-12-13T23:24:02Z Feedback --> https://github.com/gianni-rosato/rav1ator-cli/issues/1 (murlakatamenka)
2023-12-12T22:58:13Z Make install.sh not fail during upgrade process --> https://github.com/build-trust/ockam/issues/7118 (snandam)
2023-12-12T20:34:25Z fatal error: vips/vips.h: No such file or directory --> https://github.com/h2non/bimg/issues/464 (beansinc)
2023-12-12T20:28:26Z OpenJDK CPEs --> https://github.com/anchore/syft/issues/2422 (joshbressers)
2023-12-12T15:18:13Z lldb cannot properly run a program file on armv7-alpine-linux-musleabihf --> https://github.com/llvm/llvm-project/issues/75198 (DavidSpickett)
2023-12-12T10:16:07Z Warning after docker-compose: Server not accessible  --> https://github.com/tiredofit/docker-freescout/issues/161 (Xinnerpeace)
2023-12-11T07:18:39Z Rust cross-compile support --> https://github.com/LuckfoxTECH/luckfox-pico/issues/37 (ChangyouSiom)
2023-12-10T19:34:43Z Failing to build TOT LinuxL  --> https://github.com/landley/toybox/issues/470 (mwoodpatrick)
2023-12-08T08:32:42Z protobuf-dev issues on 3.19 --> https://github.com/alpinelinux/docker-alpine/issues/362 (KiprasR)
2023-12-08T08:31:53Z Unstable OTP authentification for remote editing --> https://github.com/VSCodeTriageBot/testissues/issues/35808 (VSCodeTriageBot)
2023-12-07T13:52:29Z build: use zig toolchain to build Nvim --> https://github.com/neovim/neovim/issues/26455 (justinmk)
2023-12-07T13:07:14Z Use musl as target on linux for the release --> https://github.com/n0-computer/dumbpipe/issues/12 (rklaehn)
2023-12-07T08:56:26Z When compiling packages that inherit Meson using a toolchain that supports rvv extension vectors, error sanitycheckc is reported_ Crossexes cannot run? --> https://github.com/mesonbuild/meson/issues/12605 (skychengzhixing)
2023-12-06T21:07:32Z Reoccuring aiohttp.server error - During handling of the above exception, another exception occurred  --> https://github.com/home-assistant/core/issues/105158 (johntdyer)
2023-12-06T16:36:51Z Unable to get a manually installed plugin to load --> https://github.com/hashicorp/packer/issues/12749 (jjo93sa)
2023-12-06T16:08:04Z [Bug]: Hermetic GCC toolchain and @io_bazel_rules_go produce warnings building debug-mode shared libraries --> https://github.com/f0rmiga/gcc-toolchain/issues/160 (rbosetti)
2023-12-05T20:21:29Z `Error: failed to create memory pool mapping` on linux aarch64 --> https://github.com/bytecodealliance/wasmtime/issues/7637 (btwiuse)
2023-12-05T14:40:43Z Reference plugin_authz implementation example --> https://github.com/cesanta/docker_auth/issues/378 (benbooth493)
2023-12-05T10:54:57Z Building docker images on macOS doesn't work --> https://github.com/NixOS/nix.dev/issues/827 (salamehsameera)
2023-12-04T23:22:17Z Linux release requires GLibc 2.34 --> https://github.com/n0-computer/dumbpipe/issues/7 (link2xt)
2023-12-04T15:31:32Z v1.0.15 produce error /usr/lib/libSystem.B.dylib, v1.0.14 worked fine --> https://github.com/oven-sh/bun/issues/7458 (eugene-piatenko)
2023-12-04T12:35:38Z [Improvement] Licenses issues in web UI --> https://github.com/apache/gravitino/issues/939 (ch3yne)
2023-12-03T22:05:03Z The binary archives for the v0.5 release seem to actually be for a prerelease version --> https://github.com/ouch-org/ouch/issues/567 (ilyagr)
2023-12-02T10:50:14Z Disable update check by default when `ENABLE_MU` and `USE_MU` install options is set to 1 or if installed from microsoft store --> https://github.com/PowerShell/PowerShell/issues/20833 (soredake)
2023-12-02T02:29:47Z Heroku build fails but continues and succeeds anyways. --> https://github.com/crystal-lang/crystal/issues/14035 (sol-vin)
2023-12-02T00:12:59Z packaging mistake?  aarch64 linux tarball seems to contain x86_64 binary, not aarch64 --> https://github.com/KYDronePilot/hdfm/issues/28 (ghost)
2023-12-01T20:48:10Z [BUG] openssl core dumps under Ubuntu 22.04 when specifying the network service name instead of the port --> https://github.com/drwetter/testssl.sh/issues/2445 (sanderjo)
2023-12-01T19:20:37Z Unable to Launch API: ModuleNotFoundError: No module named 'openapi_core.spec.shortcuts' --> https://github.com/grommunio/admin-api/issues/19 (tiredofit)
2023-12-01T15:46:40Z Static build --> https://github.com/urbit/ares/issues/155 (eamsden)
2023-11-30T21:56:01Z Support arm64 --> https://github.com/lierdakil/pandoc-crossref/issues/416 (axiopaladin)
2023-11-30T20:32:51Z `to md` works weirdly on sparse tables --> https://github.com/nushell/nushell/issues/11196 (KAAtheWiseGit)
2023-11-30T17:40:04Z secure-ai-tools docker image fails to load on aarch64 --> https://github.com/SecureAI-Tools/SecureAI-Tools/issues/5 (tiritibambix)
2023-11-30T14:29:17Z Error relocating /usr/bin/libddsc.so.0: __cmsg_nxthdr: symbol not found --> https://github.com/eclipse-cyclonedds/cyclonedds/issues/1892 (Sathishyes)
2023-11-30T09:30:27Z pnpm install multiple bindings of different libc --> https://github.com/pnpm/pnpm/issues/7362 (Timeless0911)
2023-11-29T20:44:06Z Panic on completion for aliases --> https://github.com/nushell/nushell/issues/11188 (KAAtheWiseGit)
2023-11-28T22:08:35Z [Bug]: `register_coreutils_toolchains`'s `version` attribute is fixed to a single value --> https://github.com/aspect-build/bazel-lib/issues/671 (jvandew)
2023-11-28T14:43:19Z `glibc`-build is encoding audio 2-3 times faster than `musl-libc` static build --> https://github.com/xiph/opus/issues/302 (vadimkantorov)
2023-11-28T10:01:05Z add buildx compatible tags --> https://github.com/rust-cross/rust-musl-cross/issues/133 (LuckyTurtleDev)
2023-11-28T03:18:18Z Proposal: add `wasm32-wasi-preview2` target, prioritizing `wasi-sockets` support --> https://github.com/WebAssembly/wasi-libc/issues/447 (dicej)
2023-11-27T17:38:27Z Allow specifying multiple toolchains in `rust-toolchain.toml` file, with first as default, with auto-installation for all. --> https://github.com/rust-lang/rustup/issues/3546 (CinchBlue)
2023-11-27T02:48:20Z Segfault when targeting `x86_64-windows-musl` --> https://github.com/ziglang/zig/issues/18139 (190n)
2023-11-27T01:45:14Z profile generate new -f shared -o lin failure to create .so --> https://github.com/BishopFox/sliver/issues/1473 (kernelzeroday)
2023-11-26T09:54:10Z kata containers does not start with hosts running alpine linux --> https://github.com/kata-containers/kata-containers/issues/8522 (telmich)
2023-11-25T19:16:12Z Different performance results of huge_memset() --> https://github.com/nadavrot/memset_benchmark/issues/6 (rilysh)
2023-11-25T18:02:17Z Can't view or download raw file --> https://github.com/tridactyl/native_messenger/issues/74 (nevillio)
